19-Apr-2022 12:09:07.106 INFO [main] org.apache.catalina.startup.VersionLoggerListener.log Server version name:   Apache Tomcat/10.0.20
19-Apr-2022 12:09:07.112 INFO [main] org.apache.catalina.startup.VersionLoggerListener.log Server built:          Mar 31 2022 14:24:36 UTC
19-Apr-2022 12:09:07.112 INFO [main] org.apache.catalina.startup.VersionLoggerListener.log Server version number: 10.0.20.0
19-Apr-2022 12:09:07.112 INFO [main] org.apache.catalina.startup.VersionLoggerListener.log OS Name:               Mac OS X
19-Apr-2022 12:09:07.112 INFO [main] org.apache.catalina.startup.VersionLoggerListener.log OS Version:            11.0.1
19-Apr-2022 12:09:07.112 INFO [main] org.apache.catalina.startup.VersionLoggerListener.log Architecture:          x86_64
19-Apr-2022 12:09:07.112 INFO [main] org.apache.catalina.startup.VersionLoggerListener.log Java Home:             /Users/faruksarikaya/Library/Java/JavaVirtualMachines/openjdk-17.0.1/Contents/Home
19-Apr-2022 12:09:07.112 INFO [main] org.apache.catalina.startup.VersionLoggerListener.log JVM Version:           17.0.1+12-39
19-Apr-2022 12:09:07.112 INFO [main] org.apache.catalina.startup.VersionLoggerListener.log JVM Vendor:            Oracle Corporation
19-Apr-2022 12:09:07.113 INFO [main] org.apache.catalina.startup.VersionLoggerListener.log CATALINA_BASE:         /Users/faruksarikaya/Desktop/Java Course Project/Apachi Tomcat/apache-tomcat-10.0.20
19-Apr-2022 12:09:07.113 INFO [main] org.apache.catalina.startup.VersionLoggerListener.log CATALINA_HOME:         /Users/faruksarikaya/Desktop/Java Course Project/Apachi Tomcat/apache-tomcat-10.0.20
19-Apr-2022 12:09:07.135 INFO [main] org.apache.catalina.startup.VersionLoggerListener.log Command line argument: --add-opens=java.base/java.lang=ALL-UNNAMED
19-Apr-2022 12:09:07.135 INFO [main] org.apache.catalina.startup.VersionLoggerListener.log Command line argument: --add-opens=java.base/java.io=ALL-UNNAMED
19-Apr-2022 12:09:07.135 INFO [main] org.apache.catalina.startup.VersionLoggerListener.log Command line argument: --add-opens=java.base/java.util=ALL-UNNAMED
19-Apr-2022 12:09:07.136 INFO [main] org.apache.catalina.startup.VersionLoggerListener.log Command line argument: --add-opens=java.base/java.util.concurrent=ALL-UNNAMED
19-Apr-2022 12:09:07.136 INFO [main] org.apache.catalina.startup.VersionLoggerListener.log Command line argument: --add-opens=java.rmi/sun.rmi.transport=ALL-UNNAMED
19-Apr-2022 12:09:07.136 INFO [main] org.apache.catalina.startup.VersionLoggerListener.log Command line argument: -Djava.util.logging.config.file=/Users/faruksarikaya/Desktop/Java Course Project/Apachi Tomcat/apache-tomcat-10.0.20/conf/logging.properties
19-Apr-2022 12:09:07.136 INFO [main] org.apache.catalina.startup.VersionLoggerListener.log Command line argument: -Djava.util.logging.manager=org.apache.juli.ClassLoaderLogManager
19-Apr-2022 12:09:07.136 INFO [main] org.apache.catalina.startup.VersionLoggerListener.log Command line argument: -Djdk.tls.ephemeralDHKeySize=2048
19-Apr-2022 12:09:07.136 INFO [main] org.apache.catalina.startup.VersionLoggerListener.log Command line argument: -Djava.protocol.handler.pkgs=org.apache.catalina.webresources
19-Apr-2022 12:09:07.136 INFO [main] org.apache.catalina.startup.VersionLoggerListener.log Command line argument: -Dorg.apache.catalina.security.SecurityListener.UMASK=0027
19-Apr-2022 12:09:07.136 INFO [main] org.apache.catalina.startup.VersionLoggerListener.log Command line argument: -Dignore.endorsed.dirs=
19-Apr-2022 12:09:07.136 INFO [main] org.apache.catalina.startup.VersionLoggerListener.log Command line argument: -Dcatalina.base=/Users/faruksarikaya/Desktop/Java Course Project/Apachi Tomcat/apache-tomcat-10.0.20
19-Apr-2022 12:09:07.136 INFO [main] org.apache.catalina.startup.VersionLoggerListener.log Command line argument: -Dcatalina.home=/Users/faruksarikaya/Desktop/Java Course Project/Apachi Tomcat/apache-tomcat-10.0.20
19-Apr-2022 12:09:07.136 INFO [main] org.apache.catalina.startup.VersionLoggerListener.log Command line argument: -Djava.io.tmpdir=/Users/faruksarikaya/Desktop/Java Course Project/Apachi Tomcat/apache-tomcat-10.0.20/temp
19-Apr-2022 12:09:07.139 INFO [main] org.apache.catalina.core.AprLifecycleListener.lifecycleEvent The Apache Tomcat Native library which allows using OpenSSL was not found on the java.library.path: [/Users/faruksarikaya/Library/Java/Extensions:/Library/Java/Extensions:/Network/Library/Java/Extensions:/System/Library/Java/Extensions:/usr/lib/java:.]
19-Apr-2022 12:09:07.441 INFO [main] org.apache.coyote.AbstractProtocol.init Initializing ProtocolHandler ["http-nio-8080"]
19-Apr-2022 12:09:07.482 INFO [main] org.apache.catalina.startup.Catalina.load Server initialization in [589] milliseconds
19-Apr-2022 12:09:07.525 INFO [main] org.apache.catalina.core.StandardService.startInternal Starting service [Catalina]
19-Apr-2022 12:09:07.526 INFO [main] org.apache.catalina.core.StandardEngine.startInternal Starting Servlet engine: [Apache Tomcat/10.0.20]
19-Apr-2022 12:09:07.533 INFO [main] org.apache.catalina.startup.HostConfig.deployDirectory Deploying web application directory [/Users/faruksarikaya/Desktop/Java Course Project/Apachi Tomcat/apache-tomcat-10.0.20/webapps/docs]
19-Apr-2022 12:09:07.788 INFO [main] org.apache.catalina.startup.HostConfig.deployDirectory Deployment of web application directory [/Users/faruksarikaya/Desktop/Java Course Project/Apachi Tomcat/apache-tomcat-10.0.20/webapps/docs] has finished in [254] ms
19-Apr-2022 12:09:07.788 INFO [main] org.apache.catalina.startup.HostConfig.deployDirectory Deploying web application directory [/Users/faruksarikaya/Desktop/Java Course Project/Apachi Tomcat/apache-tomcat-10.0.20/webapps/manager]
19-Apr-2022 12:09:07.821 INFO [main] org.apache.catalina.startup.HostConfig.deployDirectory Deployment of web application directory [/Users/faruksarikaya/Desktop/Java Course Project/Apachi Tomcat/apache-tomcat-10.0.20/webapps/manager] has finished in [33] ms
19-Apr-2022 12:09:07.822 INFO [main] org.apache.catalina.startup.HostConfig.deployDirectory Deploying web application directory [/Users/faruksarikaya/Desktop/Java Course Project/Apachi Tomcat/apache-tomcat-10.0.20/webapps/examples]
19-Apr-2022 12:09:08.028 INFO [main] org.apache.catalina.startup.HostConfig.deployDirectory Deployment of web application directory [/Users/faruksarikaya/Desktop/Java Course Project/Apachi Tomcat/apache-tomcat-10.0.20/webapps/examples] has finished in [207] ms
19-Apr-2022 12:09:08.028 INFO [main] org.apache.catalina.startup.HostConfig.deployDirectory Deploying web application directory [/Users/faruksarikaya/Desktop/Java Course Project/Apachi Tomcat/apache-tomcat-10.0.20/webapps/ROOT]
19-Apr-2022 12:09:08.047 INFO [main] org.apache.catalina.startup.HostConfig.deployDirectory Deployment of web application directory [/Users/faruksarikaya/Desktop/Java Course Project/Apachi Tomcat/apache-tomcat-10.0.20/webapps/ROOT] has finished in [19] ms
19-Apr-2022 12:09:08.047 INFO [main] org.apache.catalina.startup.HostConfig.deployDirectory Deploying web application directory [/Users/faruksarikaya/Desktop/Java Course Project/Apachi Tomcat/apache-tomcat-10.0.20/webapps/host-manager]
19-Apr-2022 12:09:08.068 INFO [main] org.apache.catalina.startup.HostConfig.deployDirectory Deployment of web application directory [/Users/faruksarikaya/Desktop/Java Course Project/Apachi Tomcat/apache-tomcat-10.0.20/webapps/host-manager] has finished in [20] ms
19-Apr-2022 12:09:08.071 INFO [main] org.apache.coyote.AbstractProtocol.start Starting ProtocolHandler ["http-nio-8080"]
19-Apr-2022 12:09:08.091 INFO [main] org.apache.catalina.startup.Catalina.start Server startup in [607] milliseconds
19-Apr-2022 12:24:18.547 INFO [Catalina-utility-1] org.apache.catalina.users.MemoryUserDatabase.backgroundProcess Reloading memory user database [UserDatabase] from updated source [file:/Users/faruksarikaya/Desktop/Java%20Course%20Project/Apachi%20Tomcat/apache-tomcat-10.0.20/conf/tomcat-users.xml]
19-Apr-2022 12:24:18.555 SEVERE [Catalina-utility-1] org.apache.tomcat.util.digester.Digester.fatalError Parse fatal error at line [49] column [2]
	org.xml.sax.SAXParseException; lineNumber: 49; columnNumber: 2; The content of elements must consist of well-formed character data or markup.
		at java.xml/com.sun.org.apache.xerces.internal.util.ErrorHandlerWrapper.createSAXParseException(ErrorHandlerWrapper.java:204)
		at java.xml/com.sun.org.apache.xerces.internal.util.ErrorHandlerWrapper.fatalError(ErrorHandlerWrapper.java:178)
		at java.xml/com.sun.org.apache.xerces.internal.impl.XMLErrorReporter.reportError(XMLErrorReporter.java:400)
		at java.xml/com.sun.org.apache.xerces.internal.impl.XMLErrorReporter.reportError(XMLErrorReporter.java:327)
		at java.xml/com.sun.org.apache.xerces.internal.impl.XMLScanner.reportFatalError(XMLScanner.java:1471)
		at java.xml/com.sun.org.apache.xerces.internal.impl.XMLDocumentFragmentScannerImpl$FragmentContentDriver.startOfMarkup(XMLDocumentFragmentScannerImpl.java:2589)
		at java.xml/com.sun.org.apache.xerces.internal.impl.XMLDocumentFragmentScannerImpl$FragmentContentDriver.next(XMLDocumentFragmentScannerImpl.java:2679)
		at java.xml/com.sun.org.apache.xerces.internal.impl.XMLDocumentScannerImpl.next(XMLDocumentScannerImpl.java:605)
		at java.xml/com.sun.org.apache.xerces.internal.impl.XMLDocumentFragmentScannerImpl.scanDocument(XMLDocumentFragmentScannerImpl.java:542)
		at java.xml/com.sun.org.apache.xerces.internal.parsers.XML11Configuration.parse(XML11Configuration.java:889)
		at java.xml/com.sun.org.apache.xerces.internal.parsers.XML11Configuration.parse(XML11Configuration.java:825)
		at java.xml/com.sun.org.apache.xerces.internal.parsers.XMLParser.parse(XMLParser.java:141)
		at java.xml/com.sun.org.apache.xerces.internal.parsers.AbstractSAXParser.parse(AbstractSAXParser.java:1224)
		at java.xml/com.sun.org.apache.xerces.internal.jaxp.SAXParserImpl$JAXPSAXParser.parse(SAXParserImpl.java:637)
		at org.apache.tomcat.util.digester.Digester.parse(Digester.java:1539)
		at org.apache.catalina.users.MemoryUserDatabase.open(MemoryUserDatabase.java:446)
		at org.apache.catalina.users.MemoryUserDatabase.backgroundProcess(MemoryUserDatabase.java:689)
		at org.apache.catalina.realm.UserDatabaseRealm.backgroundProcess(UserDatabaseRealm.java:146)
		at org.apache.catalina.realm.CombinedRealm.backgroundProcess(CombinedRealm.java:301)
		at org.apache.catalina.core.ContainerBase.backgroundProcess(ContainerBase.java:1148)
		at org.apache.catalina.core.ContainerBase$ContainerBackgroundProcessor.processChildren(ContainerBase.java:1365)
		at org.apache.catalina.core.ContainerBase$ContainerBackgroundProcessor.run(ContainerBase.java:1347)
		at java.base/java.util.concurrent.Executors$RunnableAdapter.call(Executors.java:539)
		at java.base/java.util.concurrent.FutureTask.runAndReset(FutureTask.java:305)
		at java.base/java.util.concurrent.ScheduledThreadPoolExecutor$ScheduledFutureTask.run(ScheduledThreadPoolExecutor.java:305)
		at java.base/java.util.concurrent.ThreadPoolExecutor.runWorker(ThreadPoolExecutor.java:1136)
		at java.base/java.util.concurrent.ThreadPoolExecutor$Worker.run(ThreadPoolExecutor.java:635)
		at org.apache.tomcat.util.threads.TaskThread$WrappingRunnable.run(TaskThread.java:61)
		at java.base/java.lang.Thread.run(Thread.java:833)
19-Apr-2022 12:24:18.556 SEVERE [Catalina-utility-1] org.apache.catalina.users.MemoryUserDatabase.backgroundProcess Error reloading memory user database [UserDatabase] from updated source [file:/Users/faruksarikaya/Desktop/Java%20Course%20Project/Apachi%20Tomcat/apache-tomcat-10.0.20/conf/tomcat-users.xml]
	org.xml.sax.SAXParseException; lineNumber: 49; columnNumber: 2; The content of elements must consist of well-formed character data or markup.
		at java.xml/com.sun.org.apache.xerces.internal.parsers.AbstractSAXParser.parse(AbstractSAXParser.java:1251)
		at java.xml/com.sun.org.apache.xerces.internal.jaxp.SAXParserImpl$JAXPSAXParser.parse(SAXParserImpl.java:637)
		at org.apache.tomcat.util.digester.Digester.parse(Digester.java:1539)
		at org.apache.catalina.users.MemoryUserDatabase.open(MemoryUserDatabase.java:446)
		at org.apache.catalina.users.MemoryUserDatabase.backgroundProcess(MemoryUserDatabase.java:689)
		at org.apache.catalina.realm.UserDatabaseRealm.backgroundProcess(UserDatabaseRealm.java:146)
		at org.apache.catalina.realm.CombinedRealm.backgroundProcess(CombinedRealm.java:301)
		at org.apache.catalina.core.ContainerBase.backgroundProcess(ContainerBase.java:1148)
		at org.apache.catalina.core.ContainerBase$ContainerBackgroundProcessor.processChildren(ContainerBase.java:1365)
		at org.apache.catalina.core.ContainerBase$ContainerBackgroundProcessor.run(ContainerBase.java:1347)
		at java.base/java.util.concurrent.Executors$RunnableAdapter.call(Executors.java:539)
		at java.base/java.util.concurrent.FutureTask.runAndReset(FutureTask.java:305)
		at java.base/java.util.concurrent.ScheduledThreadPoolExecutor$ScheduledFutureTask.run(ScheduledThreadPoolExecutor.java:305)
		at java.base/java.util.concurrent.ThreadPoolExecutor.runWorker(ThreadPoolExecutor.java:1136)
		at java.base/java.util.concurrent.ThreadPoolExecutor$Worker.run(ThreadPoolExecutor.java:635)
		at org.apache.tomcat.util.threads.TaskThread$WrappingRunnable.run(TaskThread.java:61)
		at java.base/java.lang.Thread.run(Thread.java:833)
19-Apr-2022 14:22:30.302 INFO [main] org.apache.catalina.startup.VersionLoggerListener.log Server version name:   Apache Tomcat/10.0.20
19-Apr-2022 14:22:30.306 INFO [main] org.apache.catalina.startup.VersionLoggerListener.log Server built:          Mar 31 2022 14:24:36 UTC
19-Apr-2022 14:22:30.306 INFO [main] org.apache.catalina.startup.VersionLoggerListener.log Server version number: 10.0.20.0
19-Apr-2022 14:22:30.306 INFO [main] org.apache.catalina.startup.VersionLoggerListener.log OS Name:               Mac OS X
19-Apr-2022 14:22:30.307 INFO [main] org.apache.catalina.startup.VersionLoggerListener.log OS Version:            11.0.1
19-Apr-2022 14:22:30.307 INFO [main] org.apache.catalina.startup.VersionLoggerListener.log Architecture:          x86_64
19-Apr-2022 14:22:30.307 INFO [main] org.apache.catalina.startup.VersionLoggerListener.log Java Home:             /Users/faruksarikaya/Library/Java/JavaVirtualMachines/openjdk-17.0.1/Contents/Home
19-Apr-2022 14:22:30.307 INFO [main] org.apache.catalina.startup.VersionLoggerListener.log JVM Version:           17.0.1+12-39
19-Apr-2022 14:22:30.307 INFO [main] org.apache.catalina.startup.VersionLoggerListener.log JVM Vendor:            Oracle Corporation
19-Apr-2022 14:22:30.307 INFO [main] org.apache.catalina.startup.VersionLoggerListener.log CATALINA_BASE:         /Users/faruksarikaya/Desktop/Java Course Project/Apachi Tomcat/apache-tomcat-10.0.20
19-Apr-2022 14:22:30.307 INFO [main] org.apache.catalina.startup.VersionLoggerListener.log CATALINA_HOME:         /Users/faruksarikaya/Desktop/Java Course Project/Apachi Tomcat/apache-tomcat-10.0.20
19-Apr-2022 14:22:30.367 INFO [main] org.apache.catalina.startup.VersionLoggerListener.log Command line argument: --add-opens=java.base/java.lang=ALL-UNNAMED
19-Apr-2022 14:22:30.367 INFO [main] org.apache.catalina.startup.VersionLoggerListener.log Command line argument: --add-opens=java.base/java.io=ALL-UNNAMED
19-Apr-2022 14:22:30.367 INFO [main] org.apache.catalina.startup.VersionLoggerListener.log Command line argument: --add-opens=java.base/java.util=ALL-UNNAMED
19-Apr-2022 14:22:30.367 INFO [main] org.apache.catalina.startup.VersionLoggerListener.log Command line argument: --add-opens=java.base/java.util.concurrent=ALL-UNNAMED
19-Apr-2022 14:22:30.367 INFO [main] org.apache.catalina.startup.VersionLoggerListener.log Command line argument: --add-opens=java.rmi/sun.rmi.transport=ALL-UNNAMED
19-Apr-2022 14:22:30.368 INFO [main] org.apache.catalina.startup.VersionLoggerListener.log Command line argument: -Djava.util.logging.config.file=/Users/faruksarikaya/Desktop/Java Course Project/Apachi Tomcat/apache-tomcat-10.0.20/conf/logging.properties
19-Apr-2022 14:22:30.368 INFO [main] org.apache.catalina.startup.VersionLoggerListener.log Command line argument: -Djava.util.logging.manager=org.apache.juli.ClassLoaderLogManager
19-Apr-2022 14:22:30.368 INFO [main] org.apache.catalina.startup.VersionLoggerListener.log Command line argument: -Djdk.tls.ephemeralDHKeySize=2048
19-Apr-2022 14:22:30.368 INFO [main] org.apache.catalina.startup.VersionLoggerListener.log Command line argument: -Djava.protocol.handler.pkgs=org.apache.catalina.webresources
19-Apr-2022 14:22:30.368 INFO [main] org.apache.catalina.startup.VersionLoggerListener.log Command line argument: -Dorg.apache.catalina.security.SecurityListener.UMASK=0027
19-Apr-2022 14:22:30.368 INFO [main] org.apache.catalina.startup.VersionLoggerListener.log Command line argument: -Dignore.endorsed.dirs=
19-Apr-2022 14:22:30.368 INFO [main] org.apache.catalina.startup.VersionLoggerListener.log Command line argument: -Dcatalina.base=/Users/faruksarikaya/Desktop/Java Course Project/Apachi Tomcat/apache-tomcat-10.0.20
19-Apr-2022 14:22:30.368 INFO [main] org.apache.catalina.startup.VersionLoggerListener.log Command line argument: -Dcatalina.home=/Users/faruksarikaya/Desktop/Java Course Project/Apachi Tomcat/apache-tomcat-10.0.20
19-Apr-2022 14:22:30.368 INFO [main] org.apache.catalina.startup.VersionLoggerListener.log Command line argument: -Djava.io.tmpdir=/Users/faruksarikaya/Desktop/Java Course Project/Apachi Tomcat/apache-tomcat-10.0.20/temp
19-Apr-2022 14:22:30.370 INFO [main] org.apache.catalina.core.AprLifecycleListener.lifecycleEvent The Apache Tomcat Native library which allows using OpenSSL was not found on the java.library.path: [/Users/faruksarikaya/Library/Java/Extensions:/Library/Java/Extensions:/Network/Library/Java/Extensions:/System/Library/Java/Extensions:/usr/lib/java:.]
19-Apr-2022 14:22:30.683 INFO [main] org.apache.coyote.AbstractProtocol.init Initializing ProtocolHandler ["http-nio-8080"]
19-Apr-2022 14:22:30.741 INFO [main] org.apache.catalina.startup.Catalina.load Server initialization in [672] milliseconds
19-Apr-2022 14:22:30.788 SEVERE [main] org.apache.tomcat.util.digester.Digester.fatalError Parse fatal error at line [49] column [2]
	org.xml.sax.SAXParseException; lineNumber: 49; columnNumber: 2; The content of elements must consist of well-formed character data or markup.
		at java.xml/com.sun.org.apache.xerces.internal.util.ErrorHandlerWrapper.createSAXParseException(ErrorHandlerWrapper.java:204)
		at java.xml/com.sun.org.apache.xerces.internal.util.ErrorHandlerWrapper.fatalError(ErrorHandlerWrapper.java:178)
		at java.xml/com.sun.org.apache.xerces.internal.impl.XMLErrorReporter.reportError(XMLErrorReporter.java:400)
		at java.xml/com.sun.org.apache.xerces.internal.impl.XMLErrorReporter.reportError(XMLErrorReporter.java:327)
		at java.xml/com.sun.org.apache.xerces.internal.impl.XMLScanner.reportFatalError(XMLScanner.java:1471)
		at java.xml/com.sun.org.apache.xerces.internal.impl.XMLDocumentFragmentScannerImpl$FragmentContentDriver.startOfMarkup(XMLDocumentFragmentScannerImpl.java:2589)
		at java.xml/com.sun.org.apache.xerces.internal.impl.XMLDocumentFragmentScannerImpl$FragmentContentDriver.next(XMLDocumentFragmentScannerImpl.java:2679)
		at java.xml/com.sun.org.apache.xerces.internal.impl.XMLDocumentScannerImpl.next(XMLDocumentScannerImpl.java:605)
		at java.xml/com.sun.org.apache.xerces.internal.impl.XMLDocumentFragmentScannerImpl.scanDocument(XMLDocumentFragmentScannerImpl.java:542)
		at java.xml/com.sun.org.apache.xerces.internal.parsers.XML11Configuration.parse(XML11Configuration.java:889)
		at java.xml/com.sun.org.apache.xerces.internal.parsers.XML11Configuration.parse(XML11Configuration.java:825)
		at java.xml/com.sun.org.apache.xerces.internal.parsers.XMLParser.parse(XMLParser.java:141)
		at java.xml/com.sun.org.apache.xerces.internal.parsers.AbstractSAXParser.parse(AbstractSAXParser.java:1224)
		at java.xml/com.sun.org.apache.xerces.internal.jaxp.SAXParserImpl$JAXPSAXParser.parse(SAXParserImpl.java:637)
		at org.apache.tomcat.util.digester.Digester.parse(Digester.java:1539)
		at org.apache.catalina.users.MemoryUserDatabase.open(MemoryUserDatabase.java:446)
		at org.apache.catalina.users.MemoryUserDatabaseFactory.getObjectInstance(MemoryUserDatabaseFactory.java:105)
		at org.apache.naming.factory.FactoryBase.getObjectInstance(FactoryBase.java:96)
		at java.naming/javax.naming.spi.NamingManager.getObjectInstance(NamingManager.java:342)
		at org.apache.naming.NamingContext.lookup(NamingContext.java:864)
		at org.apache.naming.NamingContext.lookup(NamingContext.java:158)
		at org.apache.naming.NamingContextBindingsEnumeration.nextElementInternal(NamingContextBindingsEnumeration.java:115)
		at org.apache.naming.NamingContextBindingsEnumeration.next(NamingContextBindingsEnumeration.java:69)
		at org.apache.naming.NamingContextBindingsEnumeration.next(NamingContextBindingsEnumeration.java:32)
		at org.apache.catalina.mbeans.GlobalResourcesLifecycleListener.createMBeans(GlobalResourcesLifecycleListener.java:133)
		at org.apache.catalina.mbeans.GlobalResourcesLifecycleListener.createMBeans(GlobalResourcesLifecycleListener.java:107)
		at org.apache.catalina.mbeans.GlobalResourcesLifecycleListener.lifecycleEvent(GlobalResourcesLifecycleListener.java:82)
		at org.apache.catalina.util.LifecycleBase.fireLifecycleEvent(LifecycleBase.java:123)
		at org.apache.catalina.util.LifecycleBase.setStateInternal(LifecycleBase.java:423)
		at org.apache.catalina.util.LifecycleBase.setState(LifecycleBase.java:366)
		at org.apache.catalina.core.StandardServer.startInternal(StandardServer.java:920)
		at org.apache.catalina.util.LifecycleBase.start(LifecycleBase.java:183)
		at org.apache.catalina.startup.Catalina.start(Catalina.java:795)
		at java.base/jdk.internal.reflect.NativeMethodAccessorImpl.invoke0(Native Method)
		at java.base/jdk.internal.reflect.NativeMethodAccessorImpl.invoke(NativeMethodAccessorImpl.java:77)
		at java.base/jdk.internal.reflect.DelegatingMethodAccessorImpl.invoke(DelegatingMethodAccessorImpl.java:43)
		at java.base/java.lang.reflect.Method.invoke(Method.java:568)
		at org.apache.catalina.startup.Bootstrap.start(Bootstrap.java:345)
		at org.apache.catalina.startup.Bootstrap.main(Bootstrap.java:476)
19-Apr-2022 14:22:30.789 WARNING [main] org.apache.naming.NamingContext.lookup Unexpected exception resolving reference
	org.xml.sax.SAXParseException; lineNumber: 49; columnNumber: 2; The content of elements must consist of well-formed character data or markup.
		at java.xml/com.sun.org.apache.xerces.internal.parsers.AbstractSAXParser.parse(AbstractSAXParser.java:1251)
		at java.xml/com.sun.org.apache.xerces.internal.jaxp.SAXParserImpl$JAXPSAXParser.parse(SAXParserImpl.java:637)
		at org.apache.tomcat.util.digester.Digester.parse(Digester.java:1539)
		at org.apache.catalina.users.MemoryUserDatabase.open(MemoryUserDatabase.java:446)
		at org.apache.catalina.users.MemoryUserDatabaseFactory.getObjectInstance(MemoryUserDatabaseFactory.java:105)
		at org.apache.naming.factory.FactoryBase.getObjectInstance(FactoryBase.java:96)
		at java.naming/javax.naming.spi.NamingManager.getObjectInstance(NamingManager.java:342)
		at org.apache.naming.NamingContext.lookup(NamingContext.java:864)
		at org.apache.naming.NamingContext.lookup(NamingContext.java:158)
		at org.apache.naming.NamingContextBindingsEnumeration.nextElementInternal(NamingContextBindingsEnumeration.java:115)
		at org.apache.naming.NamingContextBindingsEnumeration.next(NamingContextBindingsEnumeration.java:69)
		at org.apache.naming.NamingContextBindingsEnumeration.next(NamingContextBindingsEnumeration.java:32)
		at org.apache.catalina.mbeans.GlobalResourcesLifecycleListener.createMBeans(GlobalResourcesLifecycleListener.java:133)
		at org.apache.catalina.mbeans.GlobalResourcesLifecycleListener.createMBeans(GlobalResourcesLifecycleListener.java:107)
		at org.apache.catalina.mbeans.GlobalResourcesLifecycleListener.lifecycleEvent(GlobalResourcesLifecycleListener.java:82)
		at org.apache.catalina.util.LifecycleBase.fireLifecycleEvent(LifecycleBase.java:123)
		at org.apache.catalina.util.LifecycleBase.setStateInternal(LifecycleBase.java:423)
		at org.apache.catalina.util.LifecycleBase.setState(LifecycleBase.java:366)
		at org.apache.catalina.core.StandardServer.startInternal(StandardServer.java:920)
		at org.apache.catalina.util.LifecycleBase.start(LifecycleBase.java:183)
		at org.apache.catalina.startup.Catalina.start(Catalina.java:795)
		at java.base/jdk.internal.reflect.NativeMethodAccessorImpl.invoke0(Native Method)
		at java.base/jdk.internal.reflect.NativeMethodAccessorImpl.invoke(NativeMethodAccessorImpl.java:77)
		at java.base/jdk.internal.reflect.DelegatingMethodAccessorImpl.invoke(DelegatingMethodAccessorImpl.java:43)
		at java.base/java.lang.reflect.Method.invoke(Method.java:568)
		at org.apache.catalina.startup.Bootstrap.start(Bootstrap.java:345)
		at org.apache.catalina.startup.Bootstrap.main(Bootstrap.java:476)
19-Apr-2022 14:22:30.790 SEVERE [main] org.apache.catalina.mbeans.GlobalResourcesLifecycleListener.createMBeans Exception processing global JNDI Resources
	javax.naming.NamingException: Unexpected exception resolving reference [Root exception is org.xml.sax.SAXParseException; lineNumber: 49; columnNumber: 2; The content of elements must consist of well-formed character data or markup.]
		at org.apache.naming.NamingContext.lookup(NamingContext.java:892)
		at org.apache.naming.NamingContext.lookup(NamingContext.java:158)
		at org.apache.naming.NamingContextBindingsEnumeration.nextElementInternal(NamingContextBindingsEnumeration.java:115)
		at org.apache.naming.NamingContextBindingsEnumeration.next(NamingContextBindingsEnumeration.java:69)
		at org.apache.naming.NamingContextBindingsEnumeration.next(NamingContextBindingsEnumeration.java:32)
		at org.apache.catalina.mbeans.GlobalResourcesLifecycleListener.createMBeans(GlobalResourcesLifecycleListener.java:133)
		at org.apache.catalina.mbeans.GlobalResourcesLifecycleListener.createMBeans(GlobalResourcesLifecycleListener.java:107)
		at org.apache.catalina.mbeans.GlobalResourcesLifecycleListener.lifecycleEvent(GlobalResourcesLifecycleListener.java:82)
		at org.apache.catalina.util.LifecycleBase.fireLifecycleEvent(LifecycleBase.java:123)
		at org.apache.catalina.util.LifecycleBase.setStateInternal(LifecycleBase.java:423)
		at org.apache.catalina.util.LifecycleBase.setState(LifecycleBase.java:366)
		at org.apache.catalina.core.StandardServer.startInternal(StandardServer.java:920)
		at org.apache.catalina.util.LifecycleBase.start(LifecycleBase.java:183)
		at org.apache.catalina.startup.Catalina.start(Catalina.java:795)
		at java.base/jdk.internal.reflect.NativeMethodAccessorImpl.invoke0(Native Method)
		at java.base/jdk.internal.reflect.NativeMethodAccessorImpl.invoke(NativeMethodAccessorImpl.java:77)
		at java.base/jdk.internal.reflect.DelegatingMethodAccessorImpl.invoke(DelegatingMethodAccessorImpl.java:43)
		at java.base/java.lang.reflect.Method.invoke(Method.java:568)
		at org.apache.catalina.startup.Bootstrap.start(Bootstrap.java:345)
		at org.apache.catalina.startup.Bootstrap.main(Bootstrap.java:476)
	Caused by: org.xml.sax.SAXParseException; lineNumber: 49; columnNumber: 2; The content of elements must consist of well-formed character data or markup.
		at java.xml/com.sun.org.apache.xerces.internal.parsers.AbstractSAXParser.parse(AbstractSAXParser.java:1251)
		at java.xml/com.sun.org.apache.xerces.internal.jaxp.SAXParserImpl$JAXPSAXParser.parse(SAXParserImpl.java:637)
		at org.apache.tomcat.util.digester.Digester.parse(Digester.java:1539)
		at org.apache.catalina.users.MemoryUserDatabase.open(MemoryUserDatabase.java:446)
		at org.apache.catalina.users.MemoryUserDatabaseFactory.getObjectInstance(MemoryUserDatabaseFactory.java:105)
		at org.apache.naming.factory.FactoryBase.getObjectInstance(FactoryBase.java:96)
		at java.naming/javax.naming.spi.NamingManager.getObjectInstance(NamingManager.java:342)
		at org.apache.naming.NamingContext.lookup(NamingContext.java:864)
		... 19 more
19-Apr-2022 14:22:30.791 INFO [main] org.apache.catalina.core.StandardService.startInternal Starting service [Catalina]
19-Apr-2022 14:22:30.791 INFO [main] org.apache.catalina.core.StandardEngine.startInternal Starting Servlet engine: [Apache Tomcat/10.0.20]
19-Apr-2022 14:22:30.794 SEVERE [main] org.apache.tomcat.util.digester.Digester.fatalError Parse fatal error at line [49] column [2]
	org.xml.sax.SAXParseException; lineNumber: 49; columnNumber: 2; The content of elements must consist of well-formed character data or markup.
		at java.xml/com.sun.org.apache.xerces.internal.util.ErrorHandlerWrapper.createSAXParseException(ErrorHandlerWrapper.java:204)
		at java.xml/com.sun.org.apache.xerces.internal.util.ErrorHandlerWrapper.fatalError(ErrorHandlerWrapper.java:178)
		at java.xml/com.sun.org.apache.xerces.internal.impl.XMLErrorReporter.reportError(XMLErrorReporter.java:400)
		at java.xml/com.sun.org.apache.xerces.internal.impl.XMLErrorReporter.reportError(XMLErrorReporter.java:327)
		at java.xml/com.sun.org.apache.xerces.internal.impl.XMLScanner.reportFatalError(XMLScanner.java:1471)
		at java.xml/com.sun.org.apache.xerces.internal.impl.XMLDocumentFragmentScannerImpl$FragmentContentDriver.startOfMarkup(XMLDocumentFragmentScannerImpl.java:2589)
		at java.xml/com.sun.org.apache.xerces.internal.impl.XMLDocumentFragmentScannerImpl$FragmentContentDriver.next(XMLDocumentFragmentScannerImpl.java:2679)
		at java.xml/com.sun.org.apache.xerces.internal.impl.XMLDocumentScannerImpl.next(XMLDocumentScannerImpl.java:605)
		at java.xml/com.sun.org.apache.xerces.internal.impl.XMLDocumentFragmentScannerImpl.scanDocument(XMLDocumentFragmentScannerImpl.java:542)
		at java.xml/com.sun.org.apache.xerces.internal.parsers.XML11Configuration.parse(XML11Configuration.java:889)
		at java.xml/com.sun.org.apache.xerces.internal.parsers.XML11Configuration.parse(XML11Configuration.java:825)
		at java.xml/com.sun.org.apache.xerces.internal.parsers.XMLParser.parse(XMLParser.java:141)
		at java.xml/com.sun.org.apache.xerces.internal.parsers.AbstractSAXParser.parse(AbstractSAXParser.java:1224)
		at java.xml/com.sun.org.apache.xerces.internal.jaxp.SAXParserImpl$JAXPSAXParser.parse(SAXParserImpl.java:637)
		at org.apache.tomcat.util.digester.Digester.parse(Digester.java:1539)
		at org.apache.catalina.users.MemoryUserDatabase.open(MemoryUserDatabase.java:446)
		at org.apache.catalina.users.MemoryUserDatabaseFactory.getObjectInstance(MemoryUserDatabaseFactory.java:105)
		at org.apache.naming.factory.FactoryBase.getObjectInstance(FactoryBase.java:96)
		at java.naming/javax.naming.spi.NamingManager.getObjectInstance(NamingManager.java:342)
		at org.apache.naming.NamingContext.lookup(NamingContext.java:864)
		at org.apache.naming.NamingContext.lookup(NamingContext.java:172)
		at org.apache.catalina.realm.UserDatabaseRealm.getUserDatabase(UserDatabaseRealm.java:230)
		at org.apache.catalina.realm.UserDatabaseRealm.startInternal(UserDatabaseRealm.java:253)
		at org.apache.catalina.util.LifecycleBase.start(LifecycleBase.java:183)
		at org.apache.catalina.realm.CombinedRealm.startInternal(CombinedRealm.java:247)
		at org.apache.catalina.realm.LockOutRealm.startInternal(LockOutRealm.java:115)
		at org.apache.catalina.util.LifecycleBase.start(LifecycleBase.java:183)
		at org.apache.catalina.core.ContainerBase.startInternal(ContainerBase.java:912)
		at org.apache.catalina.core.StandardEngine.startInternal(StandardEngine.java:263)
		at org.apache.catalina.util.LifecycleBase.start(LifecycleBase.java:183)
		at org.apache.catalina.core.StandardService.startInternal(StandardService.java:432)
		at org.apache.catalina.util.LifecycleBase.start(LifecycleBase.java:183)
		at org.apache.catalina.core.StandardServer.startInternal(StandardServer.java:927)
		at org.apache.catalina.util.LifecycleBase.start(LifecycleBase.java:183)
		at org.apache.catalina.startup.Catalina.start(Catalina.java:795)
		at java.base/jdk.internal.reflect.NativeMethodAccessorImpl.invoke0(Native Method)
		at java.base/jdk.internal.reflect.NativeMethodAccessorImpl.invoke(NativeMethodAccessorImpl.java:77)
		at java.base/jdk.internal.reflect.DelegatingMethodAccessorImpl.invoke(DelegatingMethodAccessorImpl.java:43)
		at java.base/java.lang.reflect.Method.invoke(Method.java:568)
		at org.apache.catalina.startup.Bootstrap.start(Bootstrap.java:345)
		at org.apache.catalina.startup.Bootstrap.main(Bootstrap.java:476)
19-Apr-2022 14:22:30.794 WARNING [main] org.apache.naming.NamingContext.lookup Unexpected exception resolving reference
	org.xml.sax.SAXParseException; lineNumber: 49; columnNumber: 2; The content of elements must consist of well-formed character data or markup.
		at java.xml/com.sun.org.apache.xerces.internal.parsers.AbstractSAXParser.parse(AbstractSAXParser.java:1251)
		at java.xml/com.sun.org.apache.xerces.internal.jaxp.SAXParserImpl$JAXPSAXParser.parse(SAXParserImpl.java:637)
		at org.apache.tomcat.util.digester.Digester.parse(Digester.java:1539)
		at org.apache.catalina.users.MemoryUserDatabase.open(MemoryUserDatabase.java:446)
		at org.apache.catalina.users.MemoryUserDatabaseFactory.getObjectInstance(MemoryUserDatabaseFactory.java:105)
		at org.apache.naming.factory.FactoryBase.getObjectInstance(FactoryBase.java:96)
		at java.naming/javax.naming.spi.NamingManager.getObjectInstance(NamingManager.java:342)
		at org.apache.naming.NamingContext.lookup(NamingContext.java:864)
		at org.apache.naming.NamingContext.lookup(NamingContext.java:172)
		at org.apache.catalina.realm.UserDatabaseRealm.getUserDatabase(UserDatabaseRealm.java:230)
		at org.apache.catalina.realm.UserDatabaseRealm.startInternal(UserDatabaseRealm.java:253)
		at org.apache.catalina.util.LifecycleBase.start(LifecycleBase.java:183)
		at org.apache.catalina.realm.CombinedRealm.startInternal(CombinedRealm.java:247)
		at org.apache.catalina.realm.LockOutRealm.startInternal(LockOutRealm.java:115)
		at org.apache.catalina.util.LifecycleBase.start(LifecycleBase.java:183)
		at org.apache.catalina.core.ContainerBase.startInternal(ContainerBase.java:912)
		at org.apache.catalina.core.StandardEngine.startInternal(StandardEngine.java:263)
		at org.apache.catalina.util.LifecycleBase.start(LifecycleBase.java:183)
		at org.apache.catalina.core.StandardService.startInternal(StandardService.java:432)
		at org.apache.catalina.util.LifecycleBase.start(LifecycleBase.java:183)
		at org.apache.catalina.core.StandardServer.startInternal(StandardServer.java:927)
		at org.apache.catalina.util.LifecycleBase.start(LifecycleBase.java:183)
		at org.apache.catalina.startup.Catalina.start(Catalina.java:795)
		at java.base/jdk.internal.reflect.NativeMethodAccessorImpl.invoke0(Native Method)
		at java.base/jdk.internal.reflect.NativeMethodAccessorImpl.invoke(NativeMethodAccessorImpl.java:77)
		at java.base/jdk.internal.reflect.DelegatingMethodAccessorImpl.invoke(DelegatingMethodAccessorImpl.java:43)
		at java.base/java.lang.reflect.Method.invoke(Method.java:568)
		at org.apache.catalina.startup.Bootstrap.start(Bootstrap.java:345)
		at org.apache.catalina.startup.Bootstrap.main(Bootstrap.java:476)
19-Apr-2022 14:22:30.795 SEVERE [main] org.apache.catalina.realm.UserDatabaseRealm.getUserDatabase Exception looking up UserDatabase under key [UserDatabase]
	javax.naming.NamingException: Unexpected exception resolving reference [Root exception is org.xml.sax.SAXParseException; lineNumber: 49; columnNumber: 2; The content of elements must consist of well-formed character data or markup.]
		at org.apache.naming.NamingContext.lookup(NamingContext.java:892)
		at org.apache.naming.NamingContext.lookup(NamingContext.java:172)
		at org.apache.catalina.realm.UserDatabaseRealm.getUserDatabase(UserDatabaseRealm.java:230)
		at org.apache.catalina.realm.UserDatabaseRealm.startInternal(UserDatabaseRealm.java:253)
		at org.apache.catalina.util.LifecycleBase.start(LifecycleBase.java:183)
		at org.apache.catalina.realm.CombinedRealm.startInternal(CombinedRealm.java:247)
		at org.apache.catalina.realm.LockOutRealm.startInternal(LockOutRealm.java:115)
		at org.apache.catalina.util.LifecycleBase.start(LifecycleBase.java:183)
		at org.apache.catalina.core.ContainerBase.startInternal(ContainerBase.java:912)
		at org.apache.catalina.core.StandardEngine.startInternal(StandardEngine.java:263)
		at org.apache.catalina.util.LifecycleBase.start(LifecycleBase.java:183)
		at org.apache.catalina.core.StandardService.startInternal(StandardService.java:432)
		at org.apache.catalina.util.LifecycleBase.start(LifecycleBase.java:183)
		at org.apache.catalina.core.StandardServer.startInternal(StandardServer.java:927)
		at org.apache.catalina.util.LifecycleBase.start(LifecycleBase.java:183)
		at org.apache.catalina.startup.Catalina.start(Catalina.java:795)
		at java.base/jdk.internal.reflect.NativeMethodAccessorImpl.invoke0(Native Method)
		at java.base/jdk.internal.reflect.NativeMethodAccessorImpl.invoke(NativeMethodAccessorImpl.java:77)
		at java.base/jdk.internal.reflect.DelegatingMethodAccessorImpl.invoke(DelegatingMethodAccessorImpl.java:43)
		at java.base/java.lang.reflect.Method.invoke(Method.java:568)
		at org.apache.catalina.startup.Bootstrap.start(Bootstrap.java:345)
		at org.apache.catalina.startup.Bootstrap.main(Bootstrap.java:476)
	Caused by: org.xml.sax.SAXParseException; lineNumber: 49; columnNumber: 2; The content of elements must consist of well-formed character data or markup.
		at java.xml/com.sun.org.apache.xerces.internal.parsers.AbstractSAXParser.parse(AbstractSAXParser.java:1251)
		at java.xml/com.sun.org.apache.xerces.internal.jaxp.SAXParserImpl$JAXPSAXParser.parse(SAXParserImpl.java:637)
		at org.apache.tomcat.util.digester.Digester.parse(Digester.java:1539)
		at org.apache.catalina.users.MemoryUserDatabase.open(MemoryUserDatabase.java:446)
		at org.apache.catalina.users.MemoryUserDatabaseFactory.getObjectInstance(MemoryUserDatabaseFactory.java:105)
		at org.apache.naming.factory.FactoryBase.getObjectInstance(FactoryBase.java:96)
		at java.naming/javax.naming.spi.NamingManager.getObjectInstance(NamingManager.java:342)
		at org.apache.naming.NamingContext.lookup(NamingContext.java:864)
		... 21 more
19-Apr-2022 14:22:30.796 SEVERE [main] org.apache.catalina.realm.CombinedRealm.startInternal Failed to start [org.apache.catalina.realm.UserDatabaseRealm] realm
	org.apache.catalina.LifecycleException: No UserDatabase component found under key [UserDatabase]
		at org.apache.catalina.realm.UserDatabaseRealm.startInternal(UserDatabaseRealm.java:255)
		at org.apache.catalina.util.LifecycleBase.start(LifecycleBase.java:183)
		at org.apache.catalina.realm.CombinedRealm.startInternal(CombinedRealm.java:247)
		at org.apache.catalina.realm.LockOutRealm.startInternal(LockOutRealm.java:115)
		at org.apache.catalina.util.LifecycleBase.start(LifecycleBase.java:183)
		at org.apache.catalina.core.ContainerBase.startInternal(ContainerBase.java:912)
		at org.apache.catalina.core.StandardEngine.startInternal(StandardEngine.java:263)
		at org.apache.catalina.util.LifecycleBase.start(LifecycleBase.java:183)
		at org.apache.catalina.core.StandardService.startInternal(StandardService.java:432)
		at org.apache.catalina.util.LifecycleBase.start(LifecycleBase.java:183)
		at org.apache.catalina.core.StandardServer.startInternal(StandardServer.java:927)
		at org.apache.catalina.util.LifecycleBase.start(LifecycleBase.java:183)
		at org.apache.catalina.startup.Catalina.start(Catalina.java:795)
		at java.base/jdk.internal.reflect.NativeMethodAccessorImpl.invoke0(Native Method)
		at java.base/jdk.internal.reflect.NativeMethodAccessorImpl.invoke(NativeMethodAccessorImpl.java:77)
		at java.base/jdk.internal.reflect.DelegatingMethodAccessorImpl.invoke(DelegatingMethodAccessorImpl.java:43)
		at java.base/java.lang.reflect.Method.invoke(Method.java:568)
		at org.apache.catalina.startup.Bootstrap.start(Bootstrap.java:345)
		at org.apache.catalina.startup.Bootstrap.main(Bootstrap.java:476)
19-Apr-2022 14:22:30.803 INFO [main] org.apache.catalina.startup.HostConfig.deployDirectory Deploying web application directory [/Users/faruksarikaya/Desktop/Java Course Project/Apachi Tomcat/apache-tomcat-10.0.20/webapps/docs]
19-Apr-2022 14:22:31.079 INFO [main] org.apache.catalina.startup.HostConfig.deployDirectory Deployment of web application directory [/Users/faruksarikaya/Desktop/Java Course Project/Apachi Tomcat/apache-tomcat-10.0.20/webapps/docs] has finished in [276] ms
19-Apr-2022 14:22:31.080 INFO [main] org.apache.catalina.startup.HostConfig.deployDirectory Deploying web application directory [/Users/faruksarikaya/Desktop/Java Course Project/Apachi Tomcat/apache-tomcat-10.0.20/webapps/manager]
19-Apr-2022 14:22:31.117 INFO [main] org.apache.catalina.startup.HostConfig.deployDirectory Deployment of web application directory [/Users/faruksarikaya/Desktop/Java Course Project/Apachi Tomcat/apache-tomcat-10.0.20/webapps/manager] has finished in [37] ms
19-Apr-2022 14:22:31.117 INFO [main] org.apache.catalina.startup.HostConfig.deployDirectory Deploying web application directory [/Users/faruksarikaya/Desktop/Java Course Project/Apachi Tomcat/apache-tomcat-10.0.20/webapps/examples]
19-Apr-2022 14:22:31.358 INFO [main] org.apache.catalina.startup.HostConfig.deployDirectory Deployment of web application directory [/Users/faruksarikaya/Desktop/Java Course Project/Apachi Tomcat/apache-tomcat-10.0.20/webapps/examples] has finished in [240] ms
19-Apr-2022 14:22:31.358 INFO [main] org.apache.catalina.startup.HostConfig.deployDirectory Deploying web application directory [/Users/faruksarikaya/Desktop/Java Course Project/Apachi Tomcat/apache-tomcat-10.0.20/webapps/ROOT]
19-Apr-2022 14:22:31.372 INFO [main] org.apache.catalina.startup.HostConfig.deployDirectory Deployment of web application directory [/Users/faruksarikaya/Desktop/Java Course Project/Apachi Tomcat/apache-tomcat-10.0.20/webapps/ROOT] has finished in [14] ms
19-Apr-2022 14:22:31.372 INFO [main] org.apache.catalina.startup.HostConfig.deployDirectory Deploying web application directory [/Users/faruksarikaya/Desktop/Java Course Project/Apachi Tomcat/apache-tomcat-10.0.20/webapps/host-manager]
19-Apr-2022 14:22:31.392 INFO [main] org.apache.catalina.startup.HostConfig.deployDirectory Deployment of web application directory [/Users/faruksarikaya/Desktop/Java Course Project/Apachi Tomcat/apache-tomcat-10.0.20/webapps/host-manager] has finished in [19] ms
19-Apr-2022 14:22:31.394 INFO [main] org.apache.coyote.AbstractProtocol.start Starting ProtocolHandler ["http-nio-8080"]
19-Apr-2022 14:22:31.410 INFO [main] org.apache.catalina.startup.Catalina.start Server startup in [668] milliseconds
19-Apr-2022 14:25:56.479 INFO [main] org.apache.catalina.core.StandardServer.await A valid shutdown command was received via the shutdown port. Stopping the Server instance.
19-Apr-2022 14:25:56.479 INFO [main] org.apache.coyote.AbstractProtocol.pause Pausing ProtocolHandler ["http-nio-8080"]
19-Apr-2022 14:25:56.485 INFO [main] org.apache.catalina.core.StandardService.stopInternal Stopping service [Catalina]
19-Apr-2022 14:25:56.505 INFO [main] org.apache.coyote.AbstractProtocol.stop Stopping ProtocolHandler ["http-nio-8080"]
19-Apr-2022 14:25:56.508 INFO [main] org.apache.coyote.AbstractProtocol.destroy Destroying ProtocolHandler ["http-nio-8080"]
19-Apr-2022 14:26:31.796 INFO [main] org.apache.catalina.startup.VersionLoggerListener.log Server version name:   Apache Tomcat/10.0.20
19-Apr-2022 14:26:31.799 INFO [main] org.apache.catalina.startup.VersionLoggerListener.log Server built:          Mar 31 2022 14:24:36 UTC
19-Apr-2022 14:26:31.800 INFO [main] org.apache.catalina.startup.VersionLoggerListener.log Server version number: 10.0.20.0
19-Apr-2022 14:26:31.800 INFO [main] org.apache.catalina.startup.VersionLoggerListener.log OS Name:               Mac OS X
19-Apr-2022 14:26:31.800 INFO [main] org.apache.catalina.startup.VersionLoggerListener.log OS Version:            11.0.1
19-Apr-2022 14:26:31.800 INFO [main] org.apache.catalina.startup.VersionLoggerListener.log Architecture:          x86_64
19-Apr-2022 14:26:31.800 INFO [main] org.apache.catalina.startup.VersionLoggerListener.log Java Home:             /Users/faruksarikaya/Library/Java/JavaVirtualMachines/openjdk-17.0.1/Contents/Home
19-Apr-2022 14:26:31.800 INFO [main] org.apache.catalina.startup.VersionLoggerListener.log JVM Version:           17.0.1+12-39
19-Apr-2022 14:26:31.800 INFO [main] org.apache.catalina.startup.VersionLoggerListener.log JVM Vendor:            Oracle Corporation
19-Apr-2022 14:26:31.800 INFO [main] org.apache.catalina.startup.VersionLoggerListener.log CATALINA_BASE:         /Users/faruksarikaya/Desktop/Java Course Project/Apachi Tomcat/apache-tomcat-10.0.20
19-Apr-2022 14:26:31.800 INFO [main] org.apache.catalina.startup.VersionLoggerListener.log CATALINA_HOME:         /Users/faruksarikaya/Desktop/Java Course Project/Apachi Tomcat/apache-tomcat-10.0.20
19-Apr-2022 14:26:31.810 INFO [main] org.apache.catalina.startup.VersionLoggerListener.log Command line argument: --add-opens=java.base/java.lang=ALL-UNNAMED
19-Apr-2022 14:26:31.810 INFO [main] org.apache.catalina.startup.VersionLoggerListener.log Command line argument: --add-opens=java.base/java.io=ALL-UNNAMED
19-Apr-2022 14:26:31.810 INFO [main] org.apache.catalina.startup.VersionLoggerListener.log Command line argument: --add-opens=java.base/java.util=ALL-UNNAMED
19-Apr-2022 14:26:31.811 INFO [main] org.apache.catalina.startup.VersionLoggerListener.log Command line argument: --add-opens=java.base/java.util.concurrent=ALL-UNNAMED
19-Apr-2022 14:26:31.811 INFO [main] org.apache.catalina.startup.VersionLoggerListener.log Command line argument: --add-opens=java.rmi/sun.rmi.transport=ALL-UNNAMED
19-Apr-2022 14:26:31.811 INFO [main] org.apache.catalina.startup.VersionLoggerListener.log Command line argument: -Djava.util.logging.config.file=/Users/faruksarikaya/Desktop/Java Course Project/Apachi Tomcat/apache-tomcat-10.0.20/conf/logging.properties
19-Apr-2022 14:26:31.811 INFO [main] org.apache.catalina.startup.VersionLoggerListener.log Command line argument: -Djava.util.logging.manager=org.apache.juli.ClassLoaderLogManager
19-Apr-2022 14:26:31.811 INFO [main] org.apache.catalina.startup.VersionLoggerListener.log Command line argument: -Djdk.tls.ephemeralDHKeySize=2048
19-Apr-2022 14:26:31.811 INFO [main] org.apache.catalina.startup.VersionLoggerListener.log Command line argument: -Djava.protocol.handler.pkgs=org.apache.catalina.webresources
19-Apr-2022 14:26:31.811 INFO [main] org.apache.catalina.startup.VersionLoggerListener.log Command line argument: -Dorg.apache.catalina.security.SecurityListener.UMASK=0027
19-Apr-2022 14:26:31.811 INFO [main] org.apache.catalina.startup.VersionLoggerListener.log Command line argument: -Dignore.endorsed.dirs=
19-Apr-2022 14:26:31.811 INFO [main] org.apache.catalina.startup.VersionLoggerListener.log Command line argument: -Dcatalina.base=/Users/faruksarikaya/Desktop/Java Course Project/Apachi Tomcat/apache-tomcat-10.0.20
19-Apr-2022 14:26:31.811 INFO [main] org.apache.catalina.startup.VersionLoggerListener.log Command line argument: -Dcatalina.home=/Users/faruksarikaya/Desktop/Java Course Project/Apachi Tomcat/apache-tomcat-10.0.20
19-Apr-2022 14:26:31.811 INFO [main] org.apache.catalina.startup.VersionLoggerListener.log Command line argument: -Djava.io.tmpdir=/Users/faruksarikaya/Desktop/Java Course Project/Apachi Tomcat/apache-tomcat-10.0.20/temp
19-Apr-2022 14:26:31.813 INFO [main] org.apache.catalina.core.AprLifecycleListener.lifecycleEvent The Apache Tomcat Native library which allows using OpenSSL was not found on the java.library.path: [/Users/faruksarikaya/Library/Java/Extensions:/Library/Java/Extensions:/Network/Library/Java/Extensions:/System/Library/Java/Extensions:/usr/lib/java:.]
19-Apr-2022 14:26:32.036 INFO [main] org.apache.coyote.AbstractProtocol.init Initializing ProtocolHandler ["http-nio-8080"]
19-Apr-2022 14:26:32.072 INFO [main] org.apache.catalina.startup.Catalina.load Server initialization in [410] milliseconds
19-Apr-2022 14:26:32.102 SEVERE [main] org.apache.tomcat.util.digester.Digester.fatalError Parse fatal error at line [49] column [2]
	org.xml.sax.SAXParseException; lineNumber: 49; columnNumber: 2; The content of elements must consist of well-formed character data or markup.
		at java.xml/com.sun.org.apache.xerces.internal.util.ErrorHandlerWrapper.createSAXParseException(ErrorHandlerWrapper.java:204)
		at java.xml/com.sun.org.apache.xerces.internal.util.ErrorHandlerWrapper.fatalError(ErrorHandlerWrapper.java:178)
		at java.xml/com.sun.org.apache.xerces.internal.impl.XMLErrorReporter.reportError(XMLErrorReporter.java:400)
		at java.xml/com.sun.org.apache.xerces.internal.impl.XMLErrorReporter.reportError(XMLErrorReporter.java:327)
		at java.xml/com.sun.org.apache.xerces.internal.impl.XMLScanner.reportFatalError(XMLScanner.java:1471)
		at java.xml/com.sun.org.apache.xerces.internal.impl.XMLDocumentFragmentScannerImpl$FragmentContentDriver.startOfMarkup(XMLDocumentFragmentScannerImpl.java:2589)
		at java.xml/com.sun.org.apache.xerces.internal.impl.XMLDocumentFragmentScannerImpl$FragmentContentDriver.next(XMLDocumentFragmentScannerImpl.java:2679)
		at java.xml/com.sun.org.apache.xerces.internal.impl.XMLDocumentScannerImpl.next(XMLDocumentScannerImpl.java:605)
		at java.xml/com.sun.org.apache.xerces.internal.impl.XMLDocumentFragmentScannerImpl.scanDocument(XMLDocumentFragmentScannerImpl.java:542)
		at java.xml/com.sun.org.apache.xerces.internal.parsers.XML11Configuration.parse(XML11Configuration.java:889)
		at java.xml/com.sun.org.apache.xerces.internal.parsers.XML11Configuration.parse(XML11Configuration.java:825)
		at java.xml/com.sun.org.apache.xerces.internal.parsers.XMLParser.parse(XMLParser.java:141)
		at java.xml/com.sun.org.apache.xerces.internal.parsers.AbstractSAXParser.parse(AbstractSAXParser.java:1224)
		at java.xml/com.sun.org.apache.xerces.internal.jaxp.SAXParserImpl$JAXPSAXParser.parse(SAXParserImpl.java:637)
		at org.apache.tomcat.util.digester.Digester.parse(Digester.java:1539)
		at org.apache.catalina.users.MemoryUserDatabase.open(MemoryUserDatabase.java:446)
		at org.apache.catalina.users.MemoryUserDatabaseFactory.getObjectInstance(MemoryUserDatabaseFactory.java:105)
		at org.apache.naming.factory.FactoryBase.getObjectInstance(FactoryBase.java:96)
		at java.naming/javax.naming.spi.NamingManager.getObjectInstance(NamingManager.java:342)
		at org.apache.naming.NamingContext.lookup(NamingContext.java:864)
		at org.apache.naming.NamingContext.lookup(NamingContext.java:158)
		at org.apache.naming.NamingContextBindingsEnumeration.nextElementInternal(NamingContextBindingsEnumeration.java:115)
		at org.apache.naming.NamingContextBindingsEnumeration.next(NamingContextBindingsEnumeration.java:69)
		at org.apache.naming.NamingContextBindingsEnumeration.next(NamingContextBindingsEnumeration.java:32)
		at org.apache.catalina.mbeans.GlobalResourcesLifecycleListener.createMBeans(GlobalResourcesLifecycleListener.java:133)
		at org.apache.catalina.mbeans.GlobalResourcesLifecycleListener.createMBeans(GlobalResourcesLifecycleListener.java:107)
		at org.apache.catalina.mbeans.GlobalResourcesLifecycleListener.lifecycleEvent(GlobalResourcesLifecycleListener.java:82)
		at org.apache.catalina.util.LifecycleBase.fireLifecycleEvent(LifecycleBase.java:123)
		at org.apache.catalina.util.LifecycleBase.setStateInternal(LifecycleBase.java:423)
		at org.apache.catalina.util.LifecycleBase.setState(LifecycleBase.java:366)
		at org.apache.catalina.core.StandardServer.startInternal(StandardServer.java:920)
		at org.apache.catalina.util.LifecycleBase.start(LifecycleBase.java:183)
		at org.apache.catalina.startup.Catalina.start(Catalina.java:795)
		at java.base/jdk.internal.reflect.NativeMethodAccessorImpl.invoke0(Native Method)
		at java.base/jdk.internal.reflect.NativeMethodAccessorImpl.invoke(NativeMethodAccessorImpl.java:77)
		at java.base/jdk.internal.reflect.DelegatingMethodAccessorImpl.invoke(DelegatingMethodAccessorImpl.java:43)
		at java.base/java.lang.reflect.Method.invoke(Method.java:568)
		at org.apache.catalina.startup.Bootstrap.start(Bootstrap.java:345)
		at org.apache.catalina.startup.Bootstrap.main(Bootstrap.java:476)
19-Apr-2022 14:26:32.104 WARNING [main] org.apache.naming.NamingContext.lookup Unexpected exception resolving reference
	org.xml.sax.SAXParseException; lineNumber: 49; columnNumber: 2; The content of elements must consist of well-formed character data or markup.
		at java.xml/com.sun.org.apache.xerces.internal.parsers.AbstractSAXParser.parse(AbstractSAXParser.java:1251)
		at java.xml/com.sun.org.apache.xerces.internal.jaxp.SAXParserImpl$JAXPSAXParser.parse(SAXParserImpl.java:637)
		at org.apache.tomcat.util.digester.Digester.parse(Digester.java:1539)
		at org.apache.catalina.users.MemoryUserDatabase.open(MemoryUserDatabase.java:446)
		at org.apache.catalina.users.MemoryUserDatabaseFactory.getObjectInstance(MemoryUserDatabaseFactory.java:105)
		at org.apache.naming.factory.FactoryBase.getObjectInstance(FactoryBase.java:96)
		at java.naming/javax.naming.spi.NamingManager.getObjectInstance(NamingManager.java:342)
		at org.apache.naming.NamingContext.lookup(NamingContext.java:864)
		at org.apache.naming.NamingContext.lookup(NamingContext.java:158)
		at org.apache.naming.NamingContextBindingsEnumeration.nextElementInternal(NamingContextBindingsEnumeration.java:115)
		at org.apache.naming.NamingContextBindingsEnumeration.next(NamingContextBindingsEnumeration.java:69)
		at org.apache.naming.NamingContextBindingsEnumeration.next(NamingContextBindingsEnumeration.java:32)
		at org.apache.catalina.mbeans.GlobalResourcesLifecycleListener.createMBeans(GlobalResourcesLifecycleListener.java:133)
		at org.apache.catalina.mbeans.GlobalResourcesLifecycleListener.createMBeans(GlobalResourcesLifecycleListener.java:107)
		at org.apache.catalina.mbeans.GlobalResourcesLifecycleListener.lifecycleEvent(GlobalResourcesLifecycleListener.java:82)
		at org.apache.catalina.util.LifecycleBase.fireLifecycleEvent(LifecycleBase.java:123)
		at org.apache.catalina.util.LifecycleBase.setStateInternal(LifecycleBase.java:423)
		at org.apache.catalina.util.LifecycleBase.setState(LifecycleBase.java:366)
		at org.apache.catalina.core.StandardServer.startInternal(StandardServer.java:920)
		at org.apache.catalina.util.LifecycleBase.start(LifecycleBase.java:183)
		at org.apache.catalina.startup.Catalina.start(Catalina.java:795)
		at java.base/jdk.internal.reflect.NativeMethodAccessorImpl.invoke0(Native Method)
		at java.base/jdk.internal.reflect.NativeMethodAccessorImpl.invoke(NativeMethodAccessorImpl.java:77)
		at java.base/jdk.internal.reflect.DelegatingMethodAccessorImpl.invoke(DelegatingMethodAccessorImpl.java:43)
		at java.base/java.lang.reflect.Method.invoke(Method.java:568)
		at org.apache.catalina.startup.Bootstrap.start(Bootstrap.java:345)
		at org.apache.catalina.startup.Bootstrap.main(Bootstrap.java:476)
19-Apr-2022 14:26:32.104 SEVERE [main] org.apache.catalina.mbeans.GlobalResourcesLifecycleListener.createMBeans Exception processing global JNDI Resources
	javax.naming.NamingException: Unexpected exception resolving reference [Root exception is org.xml.sax.SAXParseException; lineNumber: 49; columnNumber: 2; The content of elements must consist of well-formed character data or markup.]
		at org.apache.naming.NamingContext.lookup(NamingContext.java:892)
		at org.apache.naming.NamingContext.lookup(NamingContext.java:158)
		at org.apache.naming.NamingContextBindingsEnumeration.nextElementInternal(NamingContextBindingsEnumeration.java:115)
		at org.apache.naming.NamingContextBindingsEnumeration.next(NamingContextBindingsEnumeration.java:69)
		at org.apache.naming.NamingContextBindingsEnumeration.next(NamingContextBindingsEnumeration.java:32)
		at org.apache.catalina.mbeans.GlobalResourcesLifecycleListener.createMBeans(GlobalResourcesLifecycleListener.java:133)
		at org.apache.catalina.mbeans.GlobalResourcesLifecycleListener.createMBeans(GlobalResourcesLifecycleListener.java:107)
		at org.apache.catalina.mbeans.GlobalResourcesLifecycleListener.lifecycleEvent(GlobalResourcesLifecycleListener.java:82)
		at org.apache.catalina.util.LifecycleBase.fireLifecycleEvent(LifecycleBase.java:123)
		at org.apache.catalina.util.LifecycleBase.setStateInternal(LifecycleBase.java:423)
		at org.apache.catalina.util.LifecycleBase.setState(LifecycleBase.java:366)
		at org.apache.catalina.core.StandardServer.startInternal(StandardServer.java:920)
		at org.apache.catalina.util.LifecycleBase.start(LifecycleBase.java:183)
		at org.apache.catalina.startup.Catalina.start(Catalina.java:795)
		at java.base/jdk.internal.reflect.NativeMethodAccessorImpl.invoke0(Native Method)
		at java.base/jdk.internal.reflect.NativeMethodAccessorImpl.invoke(NativeMethodAccessorImpl.java:77)
		at java.base/jdk.internal.reflect.DelegatingMethodAccessorImpl.invoke(DelegatingMethodAccessorImpl.java:43)
		at java.base/java.lang.reflect.Method.invoke(Method.java:568)
		at org.apache.catalina.startup.Bootstrap.start(Bootstrap.java:345)
		at org.apache.catalina.startup.Bootstrap.main(Bootstrap.java:476)
	Caused by: org.xml.sax.SAXParseException; lineNumber: 49; columnNumber: 2; The content of elements must consist of well-formed character data or markup.
		at java.xml/com.sun.org.apache.xerces.internal.parsers.AbstractSAXParser.parse(AbstractSAXParser.java:1251)
		at java.xml/com.sun.org.apache.xerces.internal.jaxp.SAXParserImpl$JAXPSAXParser.parse(SAXParserImpl.java:637)
		at org.apache.tomcat.util.digester.Digester.parse(Digester.java:1539)
		at org.apache.catalina.users.MemoryUserDatabase.open(MemoryUserDatabase.java:446)
		at org.apache.catalina.users.MemoryUserDatabaseFactory.getObjectInstance(MemoryUserDatabaseFactory.java:105)
		at org.apache.naming.factory.FactoryBase.getObjectInstance(FactoryBase.java:96)
		at java.naming/javax.naming.spi.NamingManager.getObjectInstance(NamingManager.java:342)
		at org.apache.naming.NamingContext.lookup(NamingContext.java:864)
		... 19 more
19-Apr-2022 14:26:32.105 INFO [main] org.apache.catalina.core.StandardService.startInternal Starting service [Catalina]
19-Apr-2022 14:26:32.105 INFO [main] org.apache.catalina.core.StandardEngine.startInternal Starting Servlet engine: [Apache Tomcat/10.0.20]
19-Apr-2022 14:26:32.108 SEVERE [main] org.apache.tomcat.util.digester.Digester.fatalError Parse fatal error at line [49] column [2]
	org.xml.sax.SAXParseException; lineNumber: 49; columnNumber: 2; The content of elements must consist of well-formed character data or markup.
		at java.xml/com.sun.org.apache.xerces.internal.util.ErrorHandlerWrapper.createSAXParseException(ErrorHandlerWrapper.java:204)
		at java.xml/com.sun.org.apache.xerces.internal.util.ErrorHandlerWrapper.fatalError(ErrorHandlerWrapper.java:178)
		at java.xml/com.sun.org.apache.xerces.internal.impl.XMLErrorReporter.reportError(XMLErrorReporter.java:400)
		at java.xml/com.sun.org.apache.xerces.internal.impl.XMLErrorReporter.reportError(XMLErrorReporter.java:327)
		at java.xml/com.sun.org.apache.xerces.internal.impl.XMLScanner.reportFatalError(XMLScanner.java:1471)
		at java.xml/com.sun.org.apache.xerces.internal.impl.XMLDocumentFragmentScannerImpl$FragmentContentDriver.startOfMarkup(XMLDocumentFragmentScannerImpl.java:2589)
		at java.xml/com.sun.org.apache.xerces.internal.impl.XMLDocumentFragmentScannerImpl$FragmentContentDriver.next(XMLDocumentFragmentScannerImpl.java:2679)
		at java.xml/com.sun.org.apache.xerces.internal.impl.XMLDocumentScannerImpl.next(XMLDocumentScannerImpl.java:605)
		at java.xml/com.sun.org.apache.xerces.internal.impl.XMLDocumentFragmentScannerImpl.scanDocument(XMLDocumentFragmentScannerImpl.java:542)
		at java.xml/com.sun.org.apache.xerces.internal.parsers.XML11Configuration.parse(XML11Configuration.java:889)
		at java.xml/com.sun.org.apache.xerces.internal.parsers.XML11Configuration.parse(XML11Configuration.java:825)
		at java.xml/com.sun.org.apache.xerces.internal.parsers.XMLParser.parse(XMLParser.java:141)
		at java.xml/com.sun.org.apache.xerces.internal.parsers.AbstractSAXParser.parse(AbstractSAXParser.java:1224)
		at java.xml/com.sun.org.apache.xerces.internal.jaxp.SAXParserImpl$JAXPSAXParser.parse(SAXParserImpl.java:637)
		at org.apache.tomcat.util.digester.Digester.parse(Digester.java:1539)
		at org.apache.catalina.users.MemoryUserDatabase.open(MemoryUserDatabase.java:446)
		at org.apache.catalina.users.MemoryUserDatabaseFactory.getObjectInstance(MemoryUserDatabaseFactory.java:105)
		at org.apache.naming.factory.FactoryBase.getObjectInstance(FactoryBase.java:96)
		at java.naming/javax.naming.spi.NamingManager.getObjectInstance(NamingManager.java:342)
		at org.apache.naming.NamingContext.lookup(NamingContext.java:864)
		at org.apache.naming.NamingContext.lookup(NamingContext.java:172)
		at org.apache.catalina.realm.UserDatabaseRealm.getUserDatabase(UserDatabaseRealm.java:230)
		at org.apache.catalina.realm.UserDatabaseRealm.startInternal(UserDatabaseRealm.java:253)
		at org.apache.catalina.util.LifecycleBase.start(LifecycleBase.java:183)
		at org.apache.catalina.realm.CombinedRealm.startInternal(CombinedRealm.java:247)
		at org.apache.catalina.realm.LockOutRealm.startInternal(LockOutRealm.java:115)
		at org.apache.catalina.util.LifecycleBase.start(LifecycleBase.java:183)
		at org.apache.catalina.core.ContainerBase.startInternal(ContainerBase.java:912)
		at org.apache.catalina.core.StandardEngine.startInternal(StandardEngine.java:263)
		at org.apache.catalina.util.LifecycleBase.start(LifecycleBase.java:183)
		at org.apache.catalina.core.StandardService.startInternal(StandardService.java:432)
		at org.apache.catalina.util.LifecycleBase.start(LifecycleBase.java:183)
		at org.apache.catalina.core.StandardServer.startInternal(StandardServer.java:927)
		at org.apache.catalina.util.LifecycleBase.start(LifecycleBase.java:183)
		at org.apache.catalina.startup.Catalina.start(Catalina.java:795)
		at java.base/jdk.internal.reflect.NativeMethodAccessorImpl.invoke0(Native Method)
		at java.base/jdk.internal.reflect.NativeMethodAccessorImpl.invoke(NativeMethodAccessorImpl.java:77)
		at java.base/jdk.internal.reflect.DelegatingMethodAccessorImpl.invoke(DelegatingMethodAccessorImpl.java:43)
		at java.base/java.lang.reflect.Method.invoke(Method.java:568)
		at org.apache.catalina.startup.Bootstrap.start(Bootstrap.java:345)
		at org.apache.catalina.startup.Bootstrap.main(Bootstrap.java:476)
19-Apr-2022 14:26:32.109 WARNING [main] org.apache.naming.NamingContext.lookup Unexpected exception resolving reference
	org.xml.sax.SAXParseException; lineNumber: 49; columnNumber: 2; The content of elements must consist of well-formed character data or markup.
		at java.xml/com.sun.org.apache.xerces.internal.parsers.AbstractSAXParser.parse(AbstractSAXParser.java:1251)
		at java.xml/com.sun.org.apache.xerces.internal.jaxp.SAXParserImpl$JAXPSAXParser.parse(SAXParserImpl.java:637)
		at org.apache.tomcat.util.digester.Digester.parse(Digester.java:1539)
		at org.apache.catalina.users.MemoryUserDatabase.open(MemoryUserDatabase.java:446)
		at org.apache.catalina.users.MemoryUserDatabaseFactory.getObjectInstance(MemoryUserDatabaseFactory.java:105)
		at org.apache.naming.factory.FactoryBase.getObjectInstance(FactoryBase.java:96)
		at java.naming/javax.naming.spi.NamingManager.getObjectInstance(NamingManager.java:342)
		at org.apache.naming.NamingContext.lookup(NamingContext.java:864)
		at org.apache.naming.NamingContext.lookup(NamingContext.java:172)
		at org.apache.catalina.realm.UserDatabaseRealm.getUserDatabase(UserDatabaseRealm.java:230)
		at org.apache.catalina.realm.UserDatabaseRealm.startInternal(UserDatabaseRealm.java:253)
		at org.apache.catalina.util.LifecycleBase.start(LifecycleBase.java:183)
		at org.apache.catalina.realm.CombinedRealm.startInternal(CombinedRealm.java:247)
		at org.apache.catalina.realm.LockOutRealm.startInternal(LockOutRealm.java:115)
		at org.apache.catalina.util.LifecycleBase.start(LifecycleBase.java:183)
		at org.apache.catalina.core.ContainerBase.startInternal(ContainerBase.java:912)
		at org.apache.catalina.core.StandardEngine.startInternal(StandardEngine.java:263)
		at org.apache.catalina.util.LifecycleBase.start(LifecycleBase.java:183)
		at org.apache.catalina.core.StandardService.startInternal(StandardService.java:432)
		at org.apache.catalina.util.LifecycleBase.start(LifecycleBase.java:183)
		at org.apache.catalina.core.StandardServer.startInternal(StandardServer.java:927)
		at org.apache.catalina.util.LifecycleBase.start(LifecycleBase.java:183)
		at org.apache.catalina.startup.Catalina.start(Catalina.java:795)
		at java.base/jdk.internal.reflect.NativeMethodAccessorImpl.invoke0(Native Method)
		at java.base/jdk.internal.reflect.NativeMethodAccessorImpl.invoke(NativeMethodAccessorImpl.java:77)
		at java.base/jdk.internal.reflect.DelegatingMethodAccessorImpl.invoke(DelegatingMethodAccessorImpl.java:43)
		at java.base/java.lang.reflect.Method.invoke(Method.java:568)
		at org.apache.catalina.startup.Bootstrap.start(Bootstrap.java:345)
		at org.apache.catalina.startup.Bootstrap.main(Bootstrap.java:476)
19-Apr-2022 14:26:32.109 SEVERE [main] org.apache.catalina.realm.UserDatabaseRealm.getUserDatabase Exception looking up UserDatabase under key [UserDatabase]
	javax.naming.NamingException: Unexpected exception resolving reference [Root exception is org.xml.sax.SAXParseException; lineNumber: 49; columnNumber: 2; The content of elements must consist of well-formed character data or markup.]
		at org.apache.naming.NamingContext.lookup(NamingContext.java:892)
		at org.apache.naming.NamingContext.lookup(NamingContext.java:172)
		at org.apache.catalina.realm.UserDatabaseRealm.getUserDatabase(UserDatabaseRealm.java:230)
		at org.apache.catalina.realm.UserDatabaseRealm.startInternal(UserDatabaseRealm.java:253)
		at org.apache.catalina.util.LifecycleBase.start(LifecycleBase.java:183)
		at org.apache.catalina.realm.CombinedRealm.startInternal(CombinedRealm.java:247)
		at org.apache.catalina.realm.LockOutRealm.startInternal(LockOutRealm.java:115)
		at org.apache.catalina.util.LifecycleBase.start(LifecycleBase.java:183)
		at org.apache.catalina.core.ContainerBase.startInternal(ContainerBase.java:912)
		at org.apache.catalina.core.StandardEngine.startInternal(StandardEngine.java:263)
		at org.apache.catalina.util.LifecycleBase.start(LifecycleBase.java:183)
		at org.apache.catalina.core.StandardService.startInternal(StandardService.java:432)
		at org.apache.catalina.util.LifecycleBase.start(LifecycleBase.java:183)
		at org.apache.catalina.core.StandardServer.startInternal(StandardServer.java:927)
		at org.apache.catalina.util.LifecycleBase.start(LifecycleBase.java:183)
		at org.apache.catalina.startup.Catalina.start(Catalina.java:795)
		at java.base/jdk.internal.reflect.NativeMethodAccessorImpl.invoke0(Native Method)
		at java.base/jdk.internal.reflect.NativeMethodAccessorImpl.invoke(NativeMethodAccessorImpl.java:77)
		at java.base/jdk.internal.reflect.DelegatingMethodAccessorImpl.invoke(DelegatingMethodAccessorImpl.java:43)
		at java.base/java.lang.reflect.Method.invoke(Method.java:568)
		at org.apache.catalina.startup.Bootstrap.start(Bootstrap.java:345)
		at org.apache.catalina.startup.Bootstrap.main(Bootstrap.java:476)
	Caused by: org.xml.sax.SAXParseException; lineNumber: 49; columnNumber: 2; The content of elements must consist of well-formed character data or markup.
		at java.xml/com.sun.org.apache.xerces.internal.parsers.AbstractSAXParser.parse(AbstractSAXParser.java:1251)
		at java.xml/com.sun.org.apache.xerces.internal.jaxp.SAXParserImpl$JAXPSAXParser.parse(SAXParserImpl.java:637)
		at org.apache.tomcat.util.digester.Digester.parse(Digester.java:1539)
		at org.apache.catalina.users.MemoryUserDatabase.open(MemoryUserDatabase.java:446)
		at org.apache.catalina.users.MemoryUserDatabaseFactory.getObjectInstance(MemoryUserDatabaseFactory.java:105)
		at org.apache.naming.factory.FactoryBase.getObjectInstance(FactoryBase.java:96)
		at java.naming/javax.naming.spi.NamingManager.getObjectInstance(NamingManager.java:342)
		at org.apache.naming.NamingContext.lookup(NamingContext.java:864)
		... 21 more
19-Apr-2022 14:26:32.110 SEVERE [main] org.apache.catalina.realm.CombinedRealm.startInternal Failed to start [org.apache.catalina.realm.UserDatabaseRealm] realm
	org.apache.catalina.LifecycleException: No UserDatabase component found under key [UserDatabase]
		at org.apache.catalina.realm.UserDatabaseRealm.startInternal(UserDatabaseRealm.java:255)
		at org.apache.catalina.util.LifecycleBase.start(LifecycleBase.java:183)
		at org.apache.catalina.realm.CombinedRealm.startInternal(CombinedRealm.java:247)
		at org.apache.catalina.realm.LockOutRealm.startInternal(LockOutRealm.java:115)
		at org.apache.catalina.util.LifecycleBase.start(LifecycleBase.java:183)
		at org.apache.catalina.core.ContainerBase.startInternal(ContainerBase.java:912)
		at org.apache.catalina.core.StandardEngine.startInternal(StandardEngine.java:263)
		at org.apache.catalina.util.LifecycleBase.start(LifecycleBase.java:183)
		at org.apache.catalina.core.StandardService.startInternal(StandardService.java:432)
		at org.apache.catalina.util.LifecycleBase.start(LifecycleBase.java:183)
		at org.apache.catalina.core.StandardServer.startInternal(StandardServer.java:927)
		at org.apache.catalina.util.LifecycleBase.start(LifecycleBase.java:183)
		at org.apache.catalina.startup.Catalina.start(Catalina.java:795)
		at java.base/jdk.internal.reflect.NativeMethodAccessorImpl.invoke0(Native Method)
		at java.base/jdk.internal.reflect.NativeMethodAccessorImpl.invoke(NativeMethodAccessorImpl.java:77)
		at java.base/jdk.internal.reflect.DelegatingMethodAccessorImpl.invoke(DelegatingMethodAccessorImpl.java:43)
		at java.base/java.lang.reflect.Method.invoke(Method.java:568)
		at org.apache.catalina.startup.Bootstrap.start(Bootstrap.java:345)
		at org.apache.catalina.startup.Bootstrap.main(Bootstrap.java:476)
19-Apr-2022 14:26:32.115 INFO [main] org.apache.catalina.startup.HostConfig.deployDirectory Deploying web application directory [/Users/faruksarikaya/Desktop/Java Course Project/Apachi Tomcat/apache-tomcat-10.0.20/webapps/docs]
19-Apr-2022 14:26:32.308 INFO [main] org.apache.catalina.startup.HostConfig.deployDirectory Deployment of web application directory [/Users/faruksarikaya/Desktop/Java Course Project/Apachi Tomcat/apache-tomcat-10.0.20/webapps/docs] has finished in [192] ms
19-Apr-2022 14:26:32.308 INFO [main] org.apache.catalina.startup.HostConfig.deployDirectory Deploying web application directory [/Users/faruksarikaya/Desktop/Java Course Project/Apachi Tomcat/apache-tomcat-10.0.20/webapps/manager]
19-Apr-2022 14:26:32.341 INFO [main] org.apache.catalina.startup.HostConfig.deployDirectory Deployment of web application directory [/Users/faruksarikaya/Desktop/Java Course Project/Apachi Tomcat/apache-tomcat-10.0.20/webapps/manager] has finished in [32] ms
19-Apr-2022 14:26:32.341 INFO [main] org.apache.catalina.startup.HostConfig.deployDirectory Deploying web application directory [/Users/faruksarikaya/Desktop/Java Course Project/Apachi Tomcat/apache-tomcat-10.0.20/webapps/examples]
19-Apr-2022 14:26:32.546 INFO [main] org.apache.catalina.startup.HostConfig.deployDirectory Deployment of web application directory [/Users/faruksarikaya/Desktop/Java Course Project/Apachi Tomcat/apache-tomcat-10.0.20/webapps/examples] has finished in [205] ms
19-Apr-2022 14:26:32.547 INFO [main] org.apache.catalina.startup.HostConfig.deployDirectory Deploying web application directory [/Users/faruksarikaya/Desktop/Java Course Project/Apachi Tomcat/apache-tomcat-10.0.20/webapps/ROOT]
19-Apr-2022 14:26:32.563 INFO [main] org.apache.catalina.startup.HostConfig.deployDirectory Deployment of web application directory [/Users/faruksarikaya/Desktop/Java Course Project/Apachi Tomcat/apache-tomcat-10.0.20/webapps/ROOT] has finished in [16] ms
19-Apr-2022 14:26:32.563 INFO [main] org.apache.catalina.startup.HostConfig.deployDirectory Deploying web application directory [/Users/faruksarikaya/Desktop/Java Course Project/Apachi Tomcat/apache-tomcat-10.0.20/webapps/host-manager]
19-Apr-2022 14:26:32.583 INFO [main] org.apache.catalina.startup.HostConfig.deployDirectory Deployment of web application directory [/Users/faruksarikaya/Desktop/Java Course Project/Apachi Tomcat/apache-tomcat-10.0.20/webapps/host-manager] has finished in [20] ms
19-Apr-2022 14:26:32.586 INFO [main] org.apache.coyote.AbstractProtocol.start Starting ProtocolHandler ["http-nio-8080"]
19-Apr-2022 14:26:32.600 INFO [main] org.apache.catalina.startup.Catalina.start Server startup in [527] milliseconds
19-Apr-2022 14:34:07.574 INFO [main] org.apache.catalina.core.StandardServer.await A valid shutdown command was received via the shutdown port. Stopping the Server instance.
19-Apr-2022 14:34:07.575 INFO [main] org.apache.coyote.AbstractProtocol.pause Pausing ProtocolHandler ["http-nio-8080"]
19-Apr-2022 14:34:07.579 INFO [main] org.apache.catalina.core.StandardService.stopInternal Stopping service [Catalina]
19-Apr-2022 14:34:07.594 INFO [main] org.apache.coyote.AbstractProtocol.stop Stopping ProtocolHandler ["http-nio-8080"]
19-Apr-2022 14:34:07.604 INFO [main] org.apache.coyote.AbstractProtocol.destroy Destroying ProtocolHandler ["http-nio-8080"]
19-Apr-2022 14:35:01.387 INFO [main] org.apache.catalina.startup.VersionLoggerListener.log Server version name:   Apache Tomcat/10.0.20
19-Apr-2022 14:35:01.390 INFO [main] org.apache.catalina.startup.VersionLoggerListener.log Server built:          Mar 31 2022 14:24:36 UTC
19-Apr-2022 14:35:01.391 INFO [main] org.apache.catalina.startup.VersionLoggerListener.log Server version number: 10.0.20.0
19-Apr-2022 14:35:01.391 INFO [main] org.apache.catalina.startup.VersionLoggerListener.log OS Name:               Mac OS X
19-Apr-2022 14:35:01.391 INFO [main] org.apache.catalina.startup.VersionLoggerListener.log OS Version:            11.0.1
19-Apr-2022 14:35:01.391 INFO [main] org.apache.catalina.startup.VersionLoggerListener.log Architecture:          x86_64
19-Apr-2022 14:35:01.391 INFO [main] org.apache.catalina.startup.VersionLoggerListener.log Java Home:             /Users/faruksarikaya/Library/Java/JavaVirtualMachines/openjdk-17.0.1/Contents/Home
19-Apr-2022 14:35:01.391 INFO [main] org.apache.catalina.startup.VersionLoggerListener.log JVM Version:           17.0.1+12-39
19-Apr-2022 14:35:01.391 INFO [main] org.apache.catalina.startup.VersionLoggerListener.log JVM Vendor:            Oracle Corporation
19-Apr-2022 14:35:01.391 INFO [main] org.apache.catalina.startup.VersionLoggerListener.log CATALINA_BASE:         /Users/faruksarikaya/Desktop/Java Course Project/Apachi Tomcat/apache-tomcat-10.0.20
19-Apr-2022 14:35:01.391 INFO [main] org.apache.catalina.startup.VersionLoggerListener.log CATALINA_HOME:         /Users/faruksarikaya/Desktop/Java Course Project/Apachi Tomcat/apache-tomcat-10.0.20
19-Apr-2022 14:35:01.402 INFO [main] org.apache.catalina.startup.VersionLoggerListener.log Command line argument: --add-opens=java.base/java.lang=ALL-UNNAMED
19-Apr-2022 14:35:01.402 INFO [main] org.apache.catalina.startup.VersionLoggerListener.log Command line argument: --add-opens=java.base/java.io=ALL-UNNAMED
19-Apr-2022 14:35:01.402 INFO [main] org.apache.catalina.startup.VersionLoggerListener.log Command line argument: --add-opens=java.base/java.util=ALL-UNNAMED
19-Apr-2022 14:35:01.402 INFO [main] org.apache.catalina.startup.VersionLoggerListener.log Command line argument: --add-opens=java.base/java.util.concurrent=ALL-UNNAMED
19-Apr-2022 14:35:01.402 INFO [main] org.apache.catalina.startup.VersionLoggerListener.log Command line argument: --add-opens=java.rmi/sun.rmi.transport=ALL-UNNAMED
19-Apr-2022 14:35:01.403 INFO [main] org.apache.catalina.startup.VersionLoggerListener.log Command line argument: -Djava.util.logging.config.file=/Users/faruksarikaya/Desktop/Java Course Project/Apachi Tomcat/apache-tomcat-10.0.20/conf/logging.properties
19-Apr-2022 14:35:01.403 INFO [main] org.apache.catalina.startup.VersionLoggerListener.log Command line argument: -Djava.util.logging.manager=org.apache.juli.ClassLoaderLogManager
19-Apr-2022 14:35:01.403 INFO [main] org.apache.catalina.startup.VersionLoggerListener.log Command line argument: -Djdk.tls.ephemeralDHKeySize=2048
19-Apr-2022 14:35:01.403 INFO [main] org.apache.catalina.startup.VersionLoggerListener.log Command line argument: -Djava.protocol.handler.pkgs=org.apache.catalina.webresources
19-Apr-2022 14:35:01.403 INFO [main] org.apache.catalina.startup.VersionLoggerListener.log Command line argument: -Dorg.apache.catalina.security.SecurityListener.UMASK=0027
19-Apr-2022 14:35:01.403 INFO [main] org.apache.catalina.startup.VersionLoggerListener.log Command line argument: -Dignore.endorsed.dirs=
19-Apr-2022 14:35:01.403 INFO [main] org.apache.catalina.startup.VersionLoggerListener.log Command line argument: -Dcatalina.base=/Users/faruksarikaya/Desktop/Java Course Project/Apachi Tomcat/apache-tomcat-10.0.20
19-Apr-2022 14:35:01.403 INFO [main] org.apache.catalina.startup.VersionLoggerListener.log Command line argument: -Dcatalina.home=/Users/faruksarikaya/Desktop/Java Course Project/Apachi Tomcat/apache-tomcat-10.0.20
19-Apr-2022 14:35:01.403 INFO [main] org.apache.catalina.startup.VersionLoggerListener.log Command line argument: -Djava.io.tmpdir=/Users/faruksarikaya/Desktop/Java Course Project/Apachi Tomcat/apache-tomcat-10.0.20/temp
19-Apr-2022 14:35:01.405 INFO [main] org.apache.catalina.core.AprLifecycleListener.lifecycleEvent The Apache Tomcat Native library which allows using OpenSSL was not found on the java.library.path: [/Users/faruksarikaya/Library/Java/Extensions:/Library/Java/Extensions:/Network/Library/Java/Extensions:/System/Library/Java/Extensions:/usr/lib/java:.]
19-Apr-2022 14:35:01.635 INFO [main] org.apache.coyote.AbstractProtocol.init Initializing ProtocolHandler ["http-nio-8080"]
19-Apr-2022 14:35:01.670 INFO [main] org.apache.catalina.startup.Catalina.load Server initialization in [415] milliseconds
19-Apr-2022 14:35:01.701 INFO [main] org.apache.catalina.core.StandardService.startInternal Starting service [Catalina]
19-Apr-2022 14:35:01.701 INFO [main] org.apache.catalina.core.StandardEngine.startInternal Starting Servlet engine: [Apache Tomcat/10.0.20]
19-Apr-2022 14:35:01.706 INFO [main] org.apache.catalina.startup.HostConfig.deployDirectory Deploying web application directory [/Users/faruksarikaya/Desktop/Java Course Project/Apachi Tomcat/apache-tomcat-10.0.20/webapps/docs]
19-Apr-2022 14:35:01.904 INFO [main] org.apache.catalina.startup.HostConfig.deployDirectory Deployment of web application directory [/Users/faruksarikaya/Desktop/Java Course Project/Apachi Tomcat/apache-tomcat-10.0.20/webapps/docs] has finished in [197] ms
19-Apr-2022 14:35:01.904 INFO [main] org.apache.catalina.startup.HostConfig.deployDirectory Deploying web application directory [/Users/faruksarikaya/Desktop/Java Course Project/Apachi Tomcat/apache-tomcat-10.0.20/webapps/manager]
19-Apr-2022 14:35:01.942 INFO [main] org.apache.catalina.startup.HostConfig.deployDirectory Deployment of web application directory [/Users/faruksarikaya/Desktop/Java Course Project/Apachi Tomcat/apache-tomcat-10.0.20/webapps/manager] has finished in [38] ms
19-Apr-2022 14:35:01.942 INFO [main] org.apache.catalina.startup.HostConfig.deployDirectory Deploying web application directory [/Users/faruksarikaya/Desktop/Java Course Project/Apachi Tomcat/apache-tomcat-10.0.20/webapps/examples]
19-Apr-2022 14:35:02.144 INFO [main] org.apache.catalina.startup.HostConfig.deployDirectory Deployment of web application directory [/Users/faruksarikaya/Desktop/Java Course Project/Apachi Tomcat/apache-tomcat-10.0.20/webapps/examples] has finished in [202] ms
19-Apr-2022 14:35:02.144 INFO [main] org.apache.catalina.startup.HostConfig.deployDirectory Deploying web application directory [/Users/faruksarikaya/Desktop/Java Course Project/Apachi Tomcat/apache-tomcat-10.0.20/webapps/ROOT]
19-Apr-2022 14:35:02.162 INFO [main] org.apache.catalina.startup.HostConfig.deployDirectory Deployment of web application directory [/Users/faruksarikaya/Desktop/Java Course Project/Apachi Tomcat/apache-tomcat-10.0.20/webapps/ROOT] has finished in [18] ms
19-Apr-2022 14:35:02.163 INFO [main] org.apache.catalina.startup.HostConfig.deployDirectory Deploying web application directory [/Users/faruksarikaya/Desktop/Java Course Project/Apachi Tomcat/apache-tomcat-10.0.20/webapps/host-manager]
19-Apr-2022 14:35:02.182 INFO [main] org.apache.catalina.startup.HostConfig.deployDirectory Deployment of web application directory [/Users/faruksarikaya/Desktop/Java Course Project/Apachi Tomcat/apache-tomcat-10.0.20/webapps/host-manager] has finished in [20] ms
19-Apr-2022 14:35:02.185 INFO [main] org.apache.coyote.AbstractProtocol.start Starting ProtocolHandler ["http-nio-8080"]
19-Apr-2022 14:35:02.200 INFO [main] org.apache.catalina.startup.Catalina.start Server startup in [530] milliseconds
19-Apr-2022 14:58:07.034 INFO [main] org.apache.catalina.core.StandardServer.await A valid shutdown command was received via the shutdown port. Stopping the Server instance.
19-Apr-2022 14:58:07.034 INFO [main] org.apache.coyote.AbstractProtocol.pause Pausing ProtocolHandler ["http-nio-8080"]
19-Apr-2022 14:58:07.038 INFO [main] org.apache.catalina.core.StandardService.stopInternal Stopping service [Catalina]
19-Apr-2022 14:58:07.053 INFO [main] org.apache.coyote.AbstractProtocol.stop Stopping ProtocolHandler ["http-nio-8080"]
19-Apr-2022 14:58:07.064 INFO [main] org.apache.coyote.AbstractProtocol.destroy Destroying ProtocolHandler ["http-nio-8080"]
